<?xml version="1.0" encoding="UTF-8"?>
<!-- Generated by org.testng.reporters.JUnitReportReporter -->
<testsuite hostname="DESKTOP-MLCINJJ" failures="0" tests="22" name="TestNG.TestNGIntro" time="0.005" errors="0" timestamp="2023-03-03T11:06:52 CST" skipped="0">
  <testcase classname="TestNG.TestNGIntro" name="test2" time="0.000"/>
  <system-out/>
  <testcase classname="TestNG.TestNGIntro" name="test2" time="0.000"/>
  <system-out/>
  <testcase classname="TestNG.TestNGIntro" name="test2" time="0.000"/>
  <system-out/>
  <testcase classname="TestNG.TestNGIntro" name="test2" time="0.000"/>
  <system-out/>
  <testcase classname="TestNG.TestNGIntro" name="test2" time="0.001"/>
  <system-out/>
  <testcase classname="TestNG.TestNGIntro" name="test2" time="0.000"/>
  <system-out/>
  <testcase classname="TestNG.TestNGIntro" name="test2" time="0.000"/>
  <system-out/>
  <testcase classname="TestNG.TestNGIntro" name="test2" time="0.000"/>
  <system-out/>
  <testcase classname="TestNG.TestNGIntro" name="test2" time="0.000"/>
  <system-out/>
  <testcase classname="TestNG.TestNGIntro" name="test2" time="0.000"/>
  <system-out/>
  <testcase classname="TestNG.TestNGIntro" name="test2" time="0.000"/>
  <system-out/>
  <testcase classname="TestNG.TestNGIntro" name="test2" time="0.000"/>
  <system-out/>
  <testcase classname="TestNG.TestNGIntro" name="test2" time="0.000"/>
  <system-out/>
  <testcase classname="TestNG.TestNGIntro" name="test2" time="0.000"/>
  <system-out/>
  <testcase classname="TestNG.TestNGIntro" name="test2" time="0.000"/>
  <system-out/>
  <testcase classname="TestNG.TestNGIntro" name="test2" time="0.002"/>
  <system-out/>
  <testcase classname="TestNG.TestNGIntro" name="test2" time="0.000"/>
  <system-out/>
  <testcase classname="TestNG.TestNGIntro" name="test2" time="0.000"/>
  <system-out/>
  <testcase classname="TestNG.TestNGIntro" name="test2" time="0.001"/>
  <system-out/>
  <testcase classname="TestNG.TestNGIntro" name="test2" time="0.000"/>
  <system-out/>
  <testcase classname="TestNG.TestNGIntro" name="test1" time="0.001"/>
  <system-out/>
  <testcase classname="TestNG.TestNGIntro" name="test3" time="0.000"/>
  <system-out/>
</testsuite> <!-- TestNG.TestNGIntro -->
