<?xml version="1.0" encoding="UTF-8"?>
<!-- Generated by org.testng.reporters.JUnitReportReporter -->
<testsuite hostname="DESKTOP-MLCINJJ" failures="0" tests="4" name="TestNG.TestNGAssertion" time="0.006" errors="0" timestamp="2023-03-03T11:06:52 CST" skipped="0">
  <testcase classname="TestNG.TestNGAssertion" name="validateMultiplication" time="0.005"/>
  <system-out/>
  <testcase classname="TestNG.TestNGAssertion" name="validateNegativeWithPositive" time="0.000"/>
  <system-out/>
  <testcase classname="TestNG.TestNGAssertion" name="validateNegativeWithNegative" time="0.001"/>
  <system-out/>
  <testcase classname="TestNG.TestNGAssertion" name="validateZero" time="0.000"/>
  <system-out/>
</testsuite> <!-- TestNG.TestNGAssertion -->
